<?xml version="1.0" encoding="UTF-8"?>
<persistence version="2.1"
  xmlns:xsi="http://www.w3.org/2001/XMLSchema-instance"
  xmlns="http://xmlns.jcp.org/xml/ns/persistence"
  xsi:schemaLocation="http://xmlns.jcp.org/xml/ns/persistence http://xmlns.jcp.org/xml/ns/persistence/persistence_2_1.xsd">
  <persistence-unit name="primary">
    <properties>
      <property name="javax.persistence.schema-generation.database.action" value="drop-and-create"/>
      <property name="javax.persistence.sql-load-script-source" value="META-INF/test-load.sql"/>

      <property name="hibernate.show_sql" value="true"/>
      <property name="hibernate.format_sql" value="true"/>
    </properties>
  </persistence-unit>
</persistence>
